<?xml version="1.0" encoding="UTF-8"?>
<!-- Generated by org.testng.reporters.JUnitReportReporter -->
<testsuite skipped="0" hostname="LAPTOP-R2V2MCT2" name="WeaterAPI.GetWeatherData" tests="5" failures="0" timestamp="2021-12-18T18:15:59 EST" time="16.236" errors="0">
  <testcase name="getDetalis" time="10.628" classname="WeaterAPI.GetWeatherData"/>
  <system-out/>
  <testcase name="getResponseCode" time="2.092" classname="WeaterAPI.GetWeatherData"/>
  <system-out/>
  <testcase name="getBody" time="1.340" classname="WeaterAPI.GetWeatherData"/>
  <system-out/>
  <testcase name="getContentType" time="0.984" classname="WeaterAPI.GetWeatherData"/>
  <system-out/>
  <testcase name="getAllHeaders" time="1.192" classname="WeaterAPI.GetWeatherData"/>
  <system-out/>
</testsuite> <!-- WeaterAPI.GetWeatherData -->
