<?xml version="1.0" encoding="UTF-8"?>
<!-- Generated by org.testng.reporters.JUnitReportReporter -->
<testsuite skipped="0" hostname="LAPTOP-R2V2MCT2" name="GetWeatherData" tests="5" failures="0" timestamp="2021-12-18T01:21:26 EST" time="6.859" errors="0">
  <testcase name="getDetalis" time="3.352" classname="GetWeatherData"/>
  <system-out/>
  <testcase name="getResponseCode" time="1.281" classname="GetWeatherData"/>
  <system-out/>
  <testcase name="getBody" time="0.076" classname="GetWeatherData"/>
  <system-out/>
  <testcase name="getContentType" time="1.221" classname="GetWeatherData"/>
  <system-out/>
  <testcase name="getAllHeaders" time="0.929" classname="GetWeatherData"/>
  <system-out/>
</testsuite> <!-- GetWeatherData -->
